<?xml version="1.0" encoding="UTF-8"?>
<!-- Generated by org.testng.reporters.JUnitReportReporter -->
<testsuite skipped="0" hostname="DESKTOP-TSH6JEA" name="testcase.DuplicateLead" tests="1" failures="0" timestamp="2020-07-04T17:48:56 IST" time="34.191" errors="0">
  <testcase name="runDuplicatelead" time="34.191" classname="testcase.DuplicateLead"/>
</testsuite> <!-- testcase.DuplicateLead -->
