<?xml version="1.0" encoding="UTF-8"?>
<!-- Generated by org.testng.reporters.JUnitReportReporter -->
<testsuite skipped="0" hostname="DESKTOP-TSH6JEA" name="testcase.CreateLead" tests="2" failures="0" timestamp="2020-07-22T15:48:15 IST" time="48.091" errors="0">
  <testcase name="runCreatelead" time="24.251" classname="testcase.CreateLead"/>
  <testcase name="runCreatelead" time="23.840" classname="testcase.CreateLead"/>
</testsuite> <!-- testcase.CreateLead -->
