<?xml version="1.0" encoding="UTF-8"?>
<!-- Generated by org.testng.reporters.JUnitReportReporter -->
<testsuite skipped="0" hostname="DESKTOP-TSH6JEA" name="testcase.DeleteLead" tests="1" failures="0" timestamp="2020-07-04T17:48:56 IST" time="52.646" errors="0">
  <testcase name="runDeleteLead" time="52.646" classname="testcase.DeleteLead"/>
</testsuite> <!-- testcase.DeleteLead -->
